Determining if the pthread_create exist failed with the following output:
Change Dir: /home/saul/proj/ProtoEngine/ProtoEngine-core/CMakeFiles/CMakeTmp

Run Build Command:"/usr/bin/make" "cmTC_7698e/fast"
/usr/bin/make -f CMakeFiles/cmTC_7698e.dir/build.make CMakeFiles/cmTC_7698e.dir/build
make[1]: Entering directory '/home/saul/proj/ProtoEngine/ProtoEngine-core/CMakeFiles/CMakeTmp'
Building C object CMakeFiles/cmTC_7698e.dir/CheckSymbolExists.c.o
/usr/bin/gcc    -o CMakeFiles/cmTC_7698e.dir/CheckSymbolExists.c.o   -c /home/saul/proj/ProtoEngine/ProtoEngine-core/CMakeFiles/CMakeTmp/CheckSymbolExists.c
Linking C executable cmTC_7698e
/usr/bin/cmake -E cmake_link_script CMakeFiles/cmTC_7698e.dir/link.txt --verbose=1
/usr/bin/gcc      -rdynamic CMakeFiles/cmTC_7698e.dir/CheckSymbolExists.c.o  -o cmTC_7698e 
CMakeFiles/cmTC_7698e.dir/CheckSymbolExists.c.o: In function `main':
CheckSymbolExists.c:(.text+0x1b): undefined reference to `pthread_create'
collect2: error: ld returned 1 exit status
CMakeFiles/cmTC_7698e.dir/build.make:97: recipe for target 'cmTC_7698e' failed
make[1]: *** [cmTC_7698e] Error 1
make[1]: Leaving directory '/home/saul/proj/ProtoEngine/ProtoEngine-core/CMakeFiles/CMakeTmp'
Makefile:126: recipe for target 'cmTC_7698e/fast' failed
make: *** [cmTC_7698e/fast] Error 2

File /home/saul/proj/ProtoEngine/ProtoEngine-core/CMakeFiles/CMakeTmp/CheckSymbolExists.c:
/* */
#include <pthread.h>

int main(int argc, char** argv)
{
  (void)argv;
#ifndef pthread_create
  return ((int*)(&pthread_create))[argc];
#else
  (void)argc;
  return 0;
#endif
}

Determining if the function pthread_create exists in the pthreads failed with the following output:
Change Dir: /home/saul/proj/ProtoEngine/ProtoEngine-core/CMakeFiles/CMakeTmp

Run Build Command:"/usr/bin/make" "cmTC_2ddad/fast"
/usr/bin/make -f CMakeFiles/cmTC_2ddad.dir/build.make CMakeFiles/cmTC_2ddad.dir/build
make[1]: Entering directory '/home/saul/proj/ProtoEngine/ProtoEngine-core/CMakeFiles/CMakeTmp'
Building C object CMakeFiles/cmTC_2ddad.dir/CheckFunctionExists.c.o
/usr/bin/gcc   -DCHECK_FUNCTION_EXISTS=pthread_create   -o CMakeFiles/cmTC_2ddad.dir/CheckFunctionExists.c.o   -c /usr/share/cmake-3.10/Modules/CheckFunctionExists.c
Linking C executable cmTC_2ddad
/usr/bin/cmake -E cmake_link_script CMakeFiles/cmTC_2ddad.dir/link.txt --verbose=1
/usr/bin/gcc  -DCHECK_FUNCTION_EXISTS=pthread_create    -rdynamic CMakeFiles/cmTC_2ddad.dir/CheckFunctionExists.c.o  -o cmTC_2ddad -lpthreads 
/usr/bin/x86_64-linux-gnu-ld: cannot find -lpthreads
collect2: error: ld returned 1 exit status
CMakeFiles/cmTC_2ddad.dir/build.make:97: recipe for target 'cmTC_2ddad' failed
make[1]: *** [cmTC_2ddad] Error 1
make[1]: Leaving directory '/home/saul/proj/ProtoEngine/ProtoEngine-core/CMakeFiles/CMakeTmp'
Makefile:126: recipe for target 'cmTC_2ddad/fast' failed
make: *** [cmTC_2ddad/fast] Error 2


